<?xml version="1.0" encoding="UTF-8"?>
<testsuite xmlns:xsi="http://www.w3.org/2001/XMLSchema-instance" xsi:noNamespaceSchemaLocation="https://maven.apache.org/surefire/maven-surefire-plugin/xsd/surefire-test-report.xsd" name="com.gupaoedu.dubbo.AppTest" time="0.022" tests="1" errors="0" skipped="0" failures="0">
  <properties>
    <property name="sun.desktop" value="windows"/>
    <property name="awt.toolkit" value="sun.awt.windows.WToolkit"/>
    <property name="file.encoding.pkg" value="sun.io"/>
    <property name="java.specification.version" value="1.8"/>
    <property name="sun.cpu.isalist" value="amd64"/>
    <property name="sun.jnu.encoding" value="GBK"/>
    <property name="java.class.path" value="D:\document\learn\dubbo\20190720\pay-service\pay-api\target\test-classes;D:\document\learn\dubbo\20190720\pay-service\pay-api\target\classes;D:\document\maven\localstore\junit\junit\4.11\junit-4.11.jar;D:\document\maven\localstore\org\hamcrest\hamcrest-core\1.3\hamcrest-core-1.3.jar;D:\document\maven\localstore\org\jboss\resteasy\resteasy-jaxrs\3.8.1.Final\resteasy-jaxrs-3.8.1.Final.jar;D:\document\maven\localstore\org\jboss\spec\javax\ws\rs\jboss-jaxrs-api_2.1_spec\1.0.3.Final\jboss-jaxrs-api_2.1_spec-1.0.3.Final.jar;D:\document\maven\localstore\org\jboss\spec\javax\xml\bind\jboss-jaxb-api_2.3_spec\1.0.1.Final\jboss-jaxb-api_2.3_spec-1.0.1.Final.jar;D:\document\maven\localstore\org\reactivestreams\reactive-streams\1.0.2\reactive-streams-1.0.2.jar;D:\document\maven\localstore\javax\validation\validation-api\2.0.1.Final\validation-api-2.0.1.Final.jar;D:\document\maven\localstore\org\jboss\spec\javax\annotation\jboss-annotations-api_1.3_spec\1.0.1.Final\jboss-annotations-api_1.3_spec-1.0.1.Final.jar;D:\document\maven\localstore\javax\activation\activation\1.1.1\activation-1.1.1.jar;D:\document\maven\localstore\org\apache\httpcomponents\httpclient\4.5.4\httpclient-4.5.4.jar;D:\document\maven\localstore\org\apache\httpcomponents\httpcore\4.4.7\httpcore-4.4.7.jar;D:\document\maven\localstore\commons-logging\commons-logging\1.2\commons-logging-1.2.jar;D:\document\maven\localstore\commons-codec\commons-codec\1.10\commons-codec-1.10.jar;D:\document\maven\localstore\commons-io\commons-io\2.5\commons-io-2.5.jar;D:\document\maven\localstore\com\github\stephenc\jcip\jcip-annotations\1.0-1\jcip-annotations-1.0-1.jar;D:\document\maven\localstore\org\jboss\logging\jboss-logging\3.3.2.Final\jboss-logging-3.3.2.Final.jar;D:\document\maven\localstore\org\jboss\resteasy\resteasy-client\4.0.0.Final\resteasy-client-4.0.0.Final.jar;D:\document\maven\localstore\org\jboss\resteasy\resteasy-client-api\4.0.0.Final\resteasy-client-api-4.0.0.Final.jar;D:\document\maven\localstore\org\jboss\resteasy\resteasy-core-spi\4.0.0.Final\resteasy-core-spi-4.0.0.Final.jar;D:\document\maven\localstore\org\jboss\resteasy\resteasy-core\4.0.0.Final\resteasy-core-4.0.0.Final.jar;D:\document\maven\localstore\org\eclipse\microprofile\config\microprofile-config-api\1.3\microprofile-config-api-1.3.jar;D:\document\maven\localstore\org\osgi\org.osgi.annotation.versioning\1.0.0\org.osgi.annotation.versioning-1.0.0.jar;D:\document\maven\localstore\io\smallrye\smallrye-config\1.3.3\smallrye-config-1.3.3.jar;D:\document\maven\localstore\javax\enterprise\cdi-api\1.2\cdi-api-1.2.jar;D:\document\maven\localstore\javax\el\javax.el-api\3.0.0\javax.el-api-3.0.0.jar;D:\document\maven\localstore\javax\interceptor\javax.interceptor-api\1.2\javax.interceptor-api-1.2.jar;D:\document\maven\localstore\javax\inject\javax.inject\1\javax.inject-1.jar;"/>
    <property name="java.vm.vendor" value="Oracle Corporation"/>
    <property name="sun.arch.data.model" value="64"/>
    <property name="user.variant" value=""/>
    <property name="java.vendor.url" value="http://java.oracle.com/"/>
    <property name="user.timezone" value="Asia/Shanghai"/>
    <property name="java.vm.specification.version" value="1.8"/>
    <property name="os.name" value="Windows 10"/>
    <property name="user.country" value="CN"/>
    <property name="sun.java.launcher" value="SUN_STANDARD"/>
    <property name="sun.boot.library.path" value="D:\Program Files\Java\jdk1.8.0_111\jre\bin"/>
    <property name="sun.java.command" value="C:\Users\86182\AppData\Local\Temp\surefire5305726830316585182\surefirebooter2706227554331824228.jar C:\Users\86182\AppData\Local\Temp\surefire5305726830316585182 2021-11-29T13-53-37_233-jvmRun1 surefire6210477976896612308tmp surefire_02753733022139801390tmp"/>
    <property name="surefire.test.class.path" value="D:\document\learn\dubbo\20190720\pay-service\pay-api\target\test-classes;D:\document\learn\dubbo\20190720\pay-service\pay-api\target\classes;D:\document\maven\localstore\junit\junit\4.11\junit-4.11.jar;D:\document\maven\localstore\org\hamcrest\hamcrest-core\1.3\hamcrest-core-1.3.jar;D:\document\maven\localstore\org\jboss\resteasy\resteasy-jaxrs\3.8.1.Final\resteasy-jaxrs-3.8.1.Final.jar;D:\document\maven\localstore\org\jboss\spec\javax\ws\rs\jboss-jaxrs-api_2.1_spec\1.0.3.Final\jboss-jaxrs-api_2.1_spec-1.0.3.Final.jar;D:\document\maven\localstore\org\jboss\spec\javax\xml\bind\jboss-jaxb-api_2.3_spec\1.0.1.Final\jboss-jaxb-api_2.3_spec-1.0.1.Final.jar;D:\document\maven\localstore\org\reactivestreams\reactive-streams\1.0.2\reactive-streams-1.0.2.jar;D:\document\maven\localstore\javax\validation\validation-api\2.0.1.Final\validation-api-2.0.1.Final.jar;D:\document\maven\localstore\org\jboss\spec\javax\annotation\jboss-annotations-api_1.3_spec\1.0.1.Final\jboss-annotations-api_1.3_spec-1.0.1.Final.jar;D:\document\maven\localstore\javax\activation\activation\1.1.1\activation-1.1.1.jar;D:\document\maven\localstore\org\apache\httpcomponents\httpclient\4.5.4\httpclient-4.5.4.jar;D:\document\maven\localstore\org\apache\httpcomponents\httpcore\4.4.7\httpcore-4.4.7.jar;D:\document\maven\localstore\commons-logging\commons-logging\1.2\commons-logging-1.2.jar;D:\document\maven\localstore\commons-codec\commons-codec\1.10\commons-codec-1.10.jar;D:\document\maven\localstore\commons-io\commons-io\2.5\commons-io-2.5.jar;D:\document\maven\localstore\com\github\stephenc\jcip\jcip-annotations\1.0-1\jcip-annotations-1.0-1.jar;D:\document\maven\localstore\org\jboss\logging\jboss-logging\3.3.2.Final\jboss-logging-3.3.2.Final.jar;D:\document\maven\localstore\org\jboss\resteasy\resteasy-client\4.0.0.Final\resteasy-client-4.0.0.Final.jar;D:\document\maven\localstore\org\jboss\resteasy\resteasy-client-api\4.0.0.Final\resteasy-client-api-4.0.0.Final.jar;D:\document\maven\localstore\org\jboss\resteasy\resteasy-core-spi\4.0.0.Final\resteasy-core-spi-4.0.0.Final.jar;D:\document\maven\localstore\org\jboss\resteasy\resteasy-core\4.0.0.Final\resteasy-core-4.0.0.Final.jar;D:\document\maven\localstore\org\eclipse\microprofile\config\microprofile-config-api\1.3\microprofile-config-api-1.3.jar;D:\document\maven\localstore\org\osgi\org.osgi.annotation.versioning\1.0.0\org.osgi.annotation.versioning-1.0.0.jar;D:\document\maven\localstore\io\smallrye\smallrye-config\1.3.3\smallrye-config-1.3.3.jar;D:\document\maven\localstore\javax\enterprise\cdi-api\1.2\cdi-api-1.2.jar;D:\document\maven\localstore\javax\el\javax.el-api\3.0.0\javax.el-api-3.0.0.jar;D:\document\maven\localstore\javax\interceptor\javax.interceptor-api\1.2\javax.interceptor-api-1.2.jar;D:\document\maven\localstore\javax\inject\javax.inject\1\javax.inject-1.jar;"/>
    <property name="sun.cpu.endian" value="little"/>
    <property name="user.home" value="C:\Users\86182"/>
    <property name="user.language" value="zh"/>
    <property name="java.specification.vendor" value="Oracle Corporation"/>
    <property name="java.home" value="D:\Program Files\Java\jdk1.8.0_111\jre"/>
    <property name="basedir" value="D:\document\learn\dubbo\20190720\pay-service\pay-api"/>
    <property name="file.separator" value="\"/>
    <property name="line.separator" value="&#10;"/>
    <property name="java.vm.specification.vendor" value="Oracle Corporation"/>
    <property name="java.specification.name" value="Java Platform API Specification"/>
    <property name="java.awt.graphicsenv" value="sun.awt.Win32GraphicsEnvironment"/>
    <property name="surefire.real.class.path" value="C:\Users\86182\AppData\Local\Temp\surefire5305726830316585182\surefirebooter2706227554331824228.jar"/>
    <property name="sun.boot.class.path" value="D:\Program Files\Java\jdk1.8.0_111\jre\lib\resources.jar;D:\Program Files\Java\jdk1.8.0_111\jre\lib\rt.jar;D:\Program Files\Java\jdk1.8.0_111\jre\lib\sunrsasign.jar;D:\Program Files\Java\jdk1.8.0_111\jre\lib\jsse.jar;D:\Program Files\Java\jdk1.8.0_111\jre\lib\jce.jar;D:\Program Files\Java\jdk1.8.0_111\jre\lib\charsets.jar;D:\Program Files\Java\jdk1.8.0_111\jre\lib\jfr.jar;D:\Program Files\Java\jdk1.8.0_111\jre\classes"/>
    <property name="user.script" value=""/>
    <property name="sun.management.compiler" value="HotSpot 64-Bit Tiered Compilers"/>
    <property name="java.runtime.version" value="1.8.0_111-b14"/>
    <property name="user.name" value="86182"/>
    <property name="path.separator" value=";"/>
    <property name="os.version" value="10.0"/>
    <property name="java.endorsed.dirs" value="D:\Program Files\Java\jdk1.8.0_111\jre\lib\endorsed"/>
    <property name="java.runtime.name" value="Java(TM) SE Runtime Environment"/>
    <property name="file.encoding" value="GBK"/>
    <property name="java.vm.name" value="Java HotSpot(TM) 64-Bit Server VM"/>
    <property name="localRepository" value="D:\document\maven\localstore"/>
    <property name="java.vendor.url.bug" value="http://bugreport.sun.com/bugreport/"/>
    <property name="java.io.tmpdir" value="C:\Users\86182\AppData\Local\Temp\"/>
    <property name="idea.version" value="2020.2.1"/>
    <property name="java.version" value="1.8.0_111"/>
    <property name="user.dir" value="D:\document\learn\dubbo\20190720\pay-service\pay-api"/>
    <property name="os.arch" value="amd64"/>
    <property name="java.vm.specification.name" value="Java Virtual Machine Specification"/>
    <property name="java.awt.printerjob" value="sun.awt.windows.WPrinterJob"/>
    <property name="sun.os.patch.level" value=""/>
    <property name="java.library.path" value="D:\Program Files\Java\jdk1.8.0_111\jre\bin;C:\Windows\Sun\Java\bin;C:\Windows\system32;C:\Windows;D:\Program Files (x86)\VMware\VMware Workstation\bin\;C:\Program Files (x86)\Common Files\NetSarang;C:\Windows\system32;C:\Windows;C:\Windows\System32\Wbem;C:\Windows\System32\WindowsPowerShell\v1.0\;C:\Windows\System32\OpenSSH\;D:\Program Files\TortoiseSVN\bin;D:\soft\new\erlang\erl-24.0\bin;D:\soft\new\rabbitmq\rabbitmq_server-3.8.16\sbin;D:\soft\new\rabbitmq\rabbitmq_server-3.8.16\ebin;D:\soft\new\apache-maven-3.5.2\bin;D:\Program Files\Java\jdk1.8.0_111\bin;D:\Program Files\Java\jdk1.8.0_111\jre\bin;D:\Program Files\Git\cmd;D:\soft\new\gradle-4.3.1\bin;C:\Users\86182\AppData\Local\Microsoft\WindowsApps;D:\Program Files\Bandizip\;."/>
    <property name="java.vm.info" value="mixed mode"/>
    <property name="java.vendor" value="Oracle Corporation"/>
    <property name="java.vm.version" value="25.111-b14"/>
    <property name="java.ext.dirs" value="D:\Program Files\Java\jdk1.8.0_111\jre\lib\ext;C:\Windows\Sun\Java\lib\ext"/>
    <property name="sun.io.unicode.encoding" value="UnicodeLittle"/>
    <property name="java.class.version" value="52.0"/>
  </properties>
  <testcase name="shouldAnswerWithTrue" classname="com.gupaoedu.dubbo.AppTest" time="0.001"/>
</testsuite>