<?xml version="1.0" encoding="UTF-8"?>
<testsuite xmlns:xsi="http://www.w3.org/2001/XMLSchema-instance" xsi:noNamespaceSchemaLocation="https://maven.apache.org/surefire/maven-surefire-plugin/xsd/surefire-test-report.xsd" name="com.gupaoedu.dubbo.AppTest" time="0.025" tests="1" errors="0" skipped="0" failures="0">
  <properties>
    <property name="sun.desktop" value="windows"/>
    <property name="awt.toolkit" value="sun.awt.windows.WToolkit"/>
    <property name="file.encoding.pkg" value="sun.io"/>
    <property name="java.specification.version" value="1.8"/>
    <property name="sun.cpu.isalist" value="amd64"/>
    <property name="sun.jnu.encoding" value="GBK"/>
    <property name="java.class.path" value="D:\document\learn\dubbo\20190720\pay-service\pay-provider\target\test-classes;D:\document\learn\dubbo\20190720\pay-service\pay-provider\target\classes;D:\document\maven\localstore\junit\junit\4.11\junit-4.11.jar;D:\document\maven\localstore\org\hamcrest\hamcrest-core\1.3\hamcrest-core-1.3.jar;D:\document\maven\localstore\com\gupaoedu\dubbo\pay-api\1.0-SNAPSHOT\pay-api-1.0-SNAPSHOT.jar;D:\document\maven\localstore\org\jboss\resteasy\resteasy-jaxrs\3.8.1.Final\resteasy-jaxrs-3.8.1.Final.jar;D:\document\maven\localstore\org\jboss\spec\javax\ws\rs\jboss-jaxrs-api_2.1_spec\1.0.3.Final\jboss-jaxrs-api_2.1_spec-1.0.3.Final.jar;D:\document\maven\localstore\org\jboss\spec\javax\xml\bind\jboss-jaxb-api_2.3_spec\1.0.1.Final\jboss-jaxb-api_2.3_spec-1.0.1.Final.jar;D:\document\maven\localstore\org\reactivestreams\reactive-streams\1.0.2\reactive-streams-1.0.2.jar;D:\document\maven\localstore\javax\validation\validation-api\2.0.1.Final\validation-api-2.0.1.Final.jar;D:\document\maven\localstore\org\jboss\spec\javax\annotation\jboss-annotations-api_1.3_spec\1.0.1.Final\jboss-annotations-api_1.3_spec-1.0.1.Final.jar;D:\document\maven\localstore\javax\activation\activation\1.1.1\activation-1.1.1.jar;D:\document\maven\localstore\org\apache\httpcomponents\httpclient\4.5.4\httpclient-4.5.4.jar;D:\document\maven\localstore\org\apache\httpcomponents\httpcore\4.4.7\httpcore-4.4.7.jar;D:\document\maven\localstore\commons-logging\commons-logging\1.2\commons-logging-1.2.jar;D:\document\maven\localstore\commons-codec\commons-codec\1.10\commons-codec-1.10.jar;D:\document\maven\localstore\commons-io\commons-io\2.5\commons-io-2.5.jar;D:\document\maven\localstore\com\github\stephenc\jcip\jcip-annotations\1.0-1\jcip-annotations-1.0-1.jar;D:\document\maven\localstore\org\jboss\logging\jboss-logging\3.3.2.Final\jboss-logging-3.3.2.Final.jar;D:\document\maven\localstore\org\jboss\resteasy\resteasy-client\4.0.0.Final\resteasy-client-4.0.0.Final.jar;D:\document\maven\localstore\org\jboss\resteasy\resteasy-client-api\4.0.0.Final\resteasy-client-api-4.0.0.Final.jar;D:\document\maven\localstore\org\jboss\resteasy\resteasy-core-spi\4.0.0.Final\resteasy-core-spi-4.0.0.Final.jar;D:\document\maven\localstore\org\jboss\resteasy\resteasy-core\4.0.0.Final\resteasy-core-4.0.0.Final.jar;D:\document\maven\localstore\org\eclipse\microprofile\config\microprofile-config-api\1.3\microprofile-config-api-1.3.jar;D:\document\maven\localstore\org\osgi\org.osgi.annotation.versioning\1.0.0\org.osgi.annotation.versioning-1.0.0.jar;D:\document\maven\localstore\io\smallrye\smallrye-config\1.3.3\smallrye-config-1.3.3.jar;D:\document\maven\localstore\javax\enterprise\cdi-api\1.2\cdi-api-1.2.jar;D:\document\maven\localstore\javax\el\javax.el-api\3.0.0\javax.el-api-3.0.0.jar;D:\document\maven\localstore\javax\interceptor\javax.interceptor-api\1.2\javax.interceptor-api-1.2.jar;D:\document\maven\localstore\javax\inject\javax.inject\1\javax.inject-1.jar;D:\document\maven\localstore\org\apache\dubbo\dubbo\2.7.2\dubbo-2.7.2.jar;D:\document\maven\localstore\org\springframework\spring-context\4.3.16.RELEASE\spring-context-4.3.16.RELEASE.jar;D:\document\maven\localstore\org\springframework\spring-aop\4.3.16.RELEASE\spring-aop-4.3.16.RELEASE.jar;D:\document\maven\localstore\org\springframework\spring-beans\4.3.16.RELEASE\spring-beans-4.3.16.RELEASE.jar;D:\document\maven\localstore\org\springframework\spring-core\4.3.16.RELEASE\spring-core-4.3.16.RELEASE.jar;D:\document\maven\localstore\org\springframework\spring-expression\4.3.16.RELEASE\spring-expression-4.3.16.RELEASE.jar;D:\document\maven\localstore\org\javassist\javassist\3.20.0-GA\javassist-3.20.0-GA.jar;D:\document\maven\localstore\io\netty\netty-all\4.1.25.Final\netty-all-4.1.25.Final.jar;D:\document\maven\localstore\com\google\code\gson\gson\2.8.5\gson-2.8.5.jar;D:\document\maven\localstore\org\yaml\snakeyaml\1.20\snakeyaml-1.20.jar;D:\document\maven\localstore\org\slf4j\slf4j-api\1.7.26\slf4j-api-1.7.26.jar;D:\document\maven\localstore\ch\qos\logback\logback-classic\1.2.3\logback-classic-1.2.3.jar;D:\document\maven\localstore\ch\qos\logback\logback-core\1.2.3\logback-core-1.2.3.jar;D:\document\maven\localstore\org\apache\curator\curator-framework\4.0.1\curator-framework-4.0.1.jar;D:\document\maven\localstore\org\apache\curator\curator-client\4.0.1\curator-client-4.0.1.jar;D:\document\maven\localstore\org\apache\zookeeper\zookeeper\3.5.3-beta\zookeeper-3.5.3-beta.jar;D:\document\maven\localstore\commons-cli\commons-cli\1.2\commons-cli-1.2.jar;D:\document\maven\localstore\log4j\log4j\1.2.17\log4j-1.2.17.jar;D:\document\maven\localstore\io\netty\netty\3.10.5.Final\netty-3.10.5.Final.jar;D:\document\maven\localstore\com\google\guava\guava\20.0\guava-20.0.jar;D:\document\maven\localstore\org\apache\curator\curator-recipes\4.0.1\curator-recipes-4.0.1.jar;D:\document\maven\localstore\org\apache\cxf\cxf-rt-frontend-simple\3.3.2\cxf-rt-frontend-simple-3.3.2.jar;D:\document\maven\localstore\org\apache\cxf\cxf-core\3.3.2\cxf-core-3.3.2.jar;D:\document\maven\localstore\org\glassfish\jaxb\jaxb-runtime\2.3.2\jaxb-runtime-2.3.2.jar;D:\document\maven\localstore\org\glassfish\jaxb\txw2\2.3.2\txw2-2.3.2.jar;D:\document\maven\localstore\com\sun\istack\istack-commons-runtime\3.0.8\istack-commons-runtime-3.0.8.jar;D:\document\maven\localstore\org\jvnet\staxex\stax-ex\1.8.1\stax-ex-1.8.1.jar;D:\document\maven\localstore\com\sun\xml\fastinfoset\FastInfoset\1.2.16\FastInfoset-1.2.16.jar;D:\document\maven\localstore\jakarta\activation\jakarta.activation-api\1.2.1\jakarta.activation-api-1.2.1.jar;D:\document\maven\localstore\com\fasterxml\woodstox\woodstox-core\5.0.3\woodstox-core-5.0.3.jar;D:\document\maven\localstore\org\codehaus\woodstox\stax2-api\3.1.4\stax2-api-3.1.4.jar;D:\document\maven\localstore\org\apache\ws\xmlschema\xmlschema-core\2.2.4\xmlschema-core-2.2.4.jar;D:\document\maven\localstore\org\glassfish\jaxb\jaxb-xjc\2.3.2\jaxb-xjc-2.3.2.jar;D:\document\maven\localstore\org\glassfish\jaxb\xsom\2.3.2\xsom-2.3.2.jar;D:\document\maven\localstore\org\glassfish\jaxb\codemodel\2.3.2\codemodel-2.3.2.jar;D:\document\maven\localstore\com\sun\xml\bind\external\rngom\2.3.2\rngom-2.3.2.jar;D:\document\maven\localstore\com\sun\xml\dtd-parser\dtd-parser\1.4.1\dtd-parser-1.4.1.jar;D:\document\maven\localstore\com\sun\istack\istack-commons-tools\3.0.8\istack-commons-tools-3.0.8.jar;D:\document\maven\localstore\org\apache\ant\ant\1.10.5\ant-1.10.5.jar;D:\document\maven\localstore\org\apache\ant\ant-launcher\1.10.5\ant-launcher-1.10.5.jar;D:\document\maven\localstore\com\sun\xml\bind\external\relaxng-datatype\2.3.2\relaxng-datatype-2.3.2.jar;D:\document\maven\localstore\jakarta\xml\bind\jakarta.xml.bind-api\2.3.2\jakarta.xml.bind-api-2.3.2.jar;D:\document\maven\localstore\org\apache\cxf\cxf-rt-bindings-soap\3.3.2\cxf-rt-bindings-soap-3.3.2.jar;D:\document\maven\localstore\org\apache\cxf\cxf-rt-databinding-jaxb\3.3.2\cxf-rt-databinding-jaxb-3.3.2.jar;D:\document\maven\localstore\org\apache\cxf\cxf-rt-wsdl\3.3.2\cxf-rt-wsdl-3.3.2.jar;D:\document\maven\localstore\wsdl4j\wsdl4j\1.6.3\wsdl4j-1.6.3.jar;D:\document\maven\localstore\org\ow2\asm\asm\7.0\asm-7.0.jar;D:\document\maven\localstore\org\apache\cxf\cxf-rt-transports-http\3.3.2\cxf-rt-transports-http-3.3.2.jar;D:\document\maven\localstore\org\eclipse\jetty\jetty-server\9.4.19.v20190610\jetty-server-9.4.19.v20190610.jar;D:\document\maven\localstore\javax\servlet\javax.servlet-api\3.1.0\javax.servlet-api-3.1.0.jar;D:\document\maven\localstore\org\eclipse\jetty\jetty-http\9.4.19.v20190610\jetty-http-9.4.19.v20190610.jar;D:\document\maven\localstore\org\eclipse\jetty\jetty-util\9.4.19.v20190610\jetty-util-9.4.19.v20190610.jar;D:\document\maven\localstore\org\eclipse\jetty\jetty-io\9.4.19.v20190610\jetty-io-9.4.19.v20190610.jar;D:\document\maven\localstore\org\eclipse\jetty\jetty-servlet\9.4.19.v20190610\jetty-servlet-9.4.19.v20190610.jar;D:\document\maven\localstore\org\eclipse\jetty\jetty-security\9.4.19.v20190610\jetty-security-9.4.19.v20190610.jar;"/>
    <property name="java.vm.vendor" value="Oracle Corporation"/>
    <property name="sun.arch.data.model" value="64"/>
    <property name="user.variant" value=""/>
    <property name="java.vendor.url" value="http://java.oracle.com/"/>
    <property name="user.timezone" value="Asia/Shanghai"/>
    <property name="java.vm.specification.version" value="1.8"/>
    <property name="os.name" value="Windows 10"/>
    <property name="user.country" value="CN"/>
    <property name="sun.java.launcher" value="SUN_STANDARD"/>
    <property name="sun.boot.library.path" value="D:\Program Files\Java\jdk1.8.0_111\jre\bin"/>
    <property name="sun.java.command" value="C:\Users\86182\AppData\Local\Temp\surefire3071686438922050145\surefirebooter7842903572507628352.jar C:\Users\86182\AppData\Local\Temp\surefire3071686438922050145 2021-11-29T13-53-50_269-jvmRun1 surefire3657784429417953654tmp surefire_04188568026867881080tmp"/>
    <property name="surefire.test.class.path" value="D:\document\learn\dubbo\20190720\pay-service\pay-provider\target\test-classes;D:\document\learn\dubbo\20190720\pay-service\pay-provider\target\classes;D:\document\maven\localstore\junit\junit\4.11\junit-4.11.jar;D:\document\maven\localstore\org\hamcrest\hamcrest-core\1.3\hamcrest-core-1.3.jar;D:\document\maven\localstore\com\gupaoedu\dubbo\pay-api\1.0-SNAPSHOT\pay-api-1.0-SNAPSHOT.jar;D:\document\maven\localstore\org\jboss\resteasy\resteasy-jaxrs\3.8.1.Final\resteasy-jaxrs-3.8.1.Final.jar;D:\document\maven\localstore\org\jboss\spec\javax\ws\rs\jboss-jaxrs-api_2.1_spec\1.0.3.Final\jboss-jaxrs-api_2.1_spec-1.0.3.Final.jar;D:\document\maven\localstore\org\jboss\spec\javax\xml\bind\jboss-jaxb-api_2.3_spec\1.0.1.Final\jboss-jaxb-api_2.3_spec-1.0.1.Final.jar;D:\document\maven\localstore\org\reactivestreams\reactive-streams\1.0.2\reactive-streams-1.0.2.jar;D:\document\maven\localstore\javax\validation\validation-api\2.0.1.Final\validation-api-2.0.1.Final.jar;D:\document\maven\localstore\org\jboss\spec\javax\annotation\jboss-annotations-api_1.3_spec\1.0.1.Final\jboss-annotations-api_1.3_spec-1.0.1.Final.jar;D:\document\maven\localstore\javax\activation\activation\1.1.1\activation-1.1.1.jar;D:\document\maven\localstore\org\apache\httpcomponents\httpclient\4.5.4\httpclient-4.5.4.jar;D:\document\maven\localstore\org\apache\httpcomponents\httpcore\4.4.7\httpcore-4.4.7.jar;D:\document\maven\localstore\commons-logging\commons-logging\1.2\commons-logging-1.2.jar;D:\document\maven\localstore\commons-codec\commons-codec\1.10\commons-codec-1.10.jar;D:\document\maven\localstore\commons-io\commons-io\2.5\commons-io-2.5.jar;D:\document\maven\localstore\com\github\stephenc\jcip\jcip-annotations\1.0-1\jcip-annotations-1.0-1.jar;D:\document\maven\localstore\org\jboss\logging\jboss-logging\3.3.2.Final\jboss-logging-3.3.2.Final.jar;D:\document\maven\localstore\org\jboss\resteasy\resteasy-client\4.0.0.Final\resteasy-client-4.0.0.Final.jar;D:\document\maven\localstore\org\jboss\resteasy\resteasy-client-api\4.0.0.Final\resteasy-client-api-4.0.0.Final.jar;D:\document\maven\localstore\org\jboss\resteasy\resteasy-core-spi\4.0.0.Final\resteasy-core-spi-4.0.0.Final.jar;D:\document\maven\localstore\org\jboss\resteasy\resteasy-core\4.0.0.Final\resteasy-core-4.0.0.Final.jar;D:\document\maven\localstore\org\eclipse\microprofile\config\microprofile-config-api\1.3\microprofile-config-api-1.3.jar;D:\document\maven\localstore\org\osgi\org.osgi.annotation.versioning\1.0.0\org.osgi.annotation.versioning-1.0.0.jar;D:\document\maven\localstore\io\smallrye\smallrye-config\1.3.3\smallrye-config-1.3.3.jar;D:\document\maven\localstore\javax\enterprise\cdi-api\1.2\cdi-api-1.2.jar;D:\document\maven\localstore\javax\el\javax.el-api\3.0.0\javax.el-api-3.0.0.jar;D:\document\maven\localstore\javax\interceptor\javax.interceptor-api\1.2\javax.interceptor-api-1.2.jar;D:\document\maven\localstore\javax\inject\javax.inject\1\javax.inject-1.jar;D:\document\maven\localstore\org\apache\dubbo\dubbo\2.7.2\dubbo-2.7.2.jar;D:\document\maven\localstore\org\springframework\spring-context\4.3.16.RELEASE\spring-context-4.3.16.RELEASE.jar;D:\document\maven\localstore\org\springframework\spring-aop\4.3.16.RELEASE\spring-aop-4.3.16.RELEASE.jar;D:\document\maven\localstore\org\springframework\spring-beans\4.3.16.RELEASE\spring-beans-4.3.16.RELEASE.jar;D:\document\maven\localstore\org\springframework\spring-core\4.3.16.RELEASE\spring-core-4.3.16.RELEASE.jar;D:\document\maven\localstore\org\springframework\spring-expression\4.3.16.RELEASE\spring-expression-4.3.16.RELEASE.jar;D:\document\maven\localstore\org\javassist\javassist\3.20.0-GA\javassist-3.20.0-GA.jar;D:\document\maven\localstore\io\netty\netty-all\4.1.25.Final\netty-all-4.1.25.Final.jar;D:\document\maven\localstore\com\google\code\gson\gson\2.8.5\gson-2.8.5.jar;D:\document\maven\localstore\org\yaml\snakeyaml\1.20\snakeyaml-1.20.jar;D:\document\maven\localstore\org\slf4j\slf4j-api\1.7.26\slf4j-api-1.7.26.jar;D:\document\maven\localstore\ch\qos\logback\logback-classic\1.2.3\logback-classic-1.2.3.jar;D:\document\maven\localstore\ch\qos\logback\logback-core\1.2.3\logback-core-1.2.3.jar;D:\document\maven\localstore\org\apache\curator\curator-framework\4.0.1\curator-framework-4.0.1.jar;D:\document\maven\localstore\org\apache\curator\curator-client\4.0.1\curator-client-4.0.1.jar;D:\document\maven\localstore\org\apache\zookeeper\zookeeper\3.5.3-beta\zookeeper-3.5.3-beta.jar;D:\document\maven\localstore\commons-cli\commons-cli\1.2\commons-cli-1.2.jar;D:\document\maven\localstore\log4j\log4j\1.2.17\log4j-1.2.17.jar;D:\document\maven\localstore\io\netty\netty\3.10.5.Final\netty-3.10.5.Final.jar;D:\document\maven\localstore\com\google\guava\guava\20.0\guava-20.0.jar;D:\document\maven\localstore\org\apache\curator\curator-recipes\4.0.1\curator-recipes-4.0.1.jar;D:\document\maven\localstore\org\apache\cxf\cxf-rt-frontend-simple\3.3.2\cxf-rt-frontend-simple-3.3.2.jar;D:\document\maven\localstore\org\apache\cxf\cxf-core\3.3.2\cxf-core-3.3.2.jar;D:\document\maven\localstore\org\glassfish\jaxb\jaxb-runtime\2.3.2\jaxb-runtime-2.3.2.jar;D:\document\maven\localstore\org\glassfish\jaxb\txw2\2.3.2\txw2-2.3.2.jar;D:\document\maven\localstore\com\sun\istack\istack-commons-runtime\3.0.8\istack-commons-runtime-3.0.8.jar;D:\document\maven\localstore\org\jvnet\staxex\stax-ex\1.8.1\stax-ex-1.8.1.jar;D:\document\maven\localstore\com\sun\xml\fastinfoset\FastInfoset\1.2.16\FastInfoset-1.2.16.jar;D:\document\maven\localstore\jakarta\activation\jakarta.activation-api\1.2.1\jakarta.activation-api-1.2.1.jar;D:\document\maven\localstore\com\fasterxml\woodstox\woodstox-core\5.0.3\woodstox-core-5.0.3.jar;D:\document\maven\localstore\org\codehaus\woodstox\stax2-api\3.1.4\stax2-api-3.1.4.jar;D:\document\maven\localstore\org\apache\ws\xmlschema\xmlschema-core\2.2.4\xmlschema-core-2.2.4.jar;D:\document\maven\localstore\org\glassfish\jaxb\jaxb-xjc\2.3.2\jaxb-xjc-2.3.2.jar;D:\document\maven\localstore\org\glassfish\jaxb\xsom\2.3.2\xsom-2.3.2.jar;D:\document\maven\localstore\org\glassfish\jaxb\codemodel\2.3.2\codemodel-2.3.2.jar;D:\document\maven\localstore\com\sun\xml\bind\external\rngom\2.3.2\rngom-2.3.2.jar;D:\document\maven\localstore\com\sun\xml\dtd-parser\dtd-parser\1.4.1\dtd-parser-1.4.1.jar;D:\document\maven\localstore\com\sun\istack\istack-commons-tools\3.0.8\istack-commons-tools-3.0.8.jar;D:\document\maven\localstore\org\apache\ant\ant\1.10.5\ant-1.10.5.jar;D:\document\maven\localstore\org\apache\ant\ant-launcher\1.10.5\ant-launcher-1.10.5.jar;D:\document\maven\localstore\com\sun\xml\bind\external\relaxng-datatype\2.3.2\relaxng-datatype-2.3.2.jar;D:\document\maven\localstore\jakarta\xml\bind\jakarta.xml.bind-api\2.3.2\jakarta.xml.bind-api-2.3.2.jar;D:\document\maven\localstore\org\apache\cxf\cxf-rt-bindings-soap\3.3.2\cxf-rt-bindings-soap-3.3.2.jar;D:\document\maven\localstore\org\apache\cxf\cxf-rt-databinding-jaxb\3.3.2\cxf-rt-databinding-jaxb-3.3.2.jar;D:\document\maven\localstore\org\apache\cxf\cxf-rt-wsdl\3.3.2\cxf-rt-wsdl-3.3.2.jar;D:\document\maven\localstore\wsdl4j\wsdl4j\1.6.3\wsdl4j-1.6.3.jar;D:\document\maven\localstore\org\ow2\asm\asm\7.0\asm-7.0.jar;D:\document\maven\localstore\org\apache\cxf\cxf-rt-transports-http\3.3.2\cxf-rt-transports-http-3.3.2.jar;D:\document\maven\localstore\org\eclipse\jetty\jetty-server\9.4.19.v20190610\jetty-server-9.4.19.v20190610.jar;D:\document\maven\localstore\javax\servlet\javax.servlet-api\3.1.0\javax.servlet-api-3.1.0.jar;D:\document\maven\localstore\org\eclipse\jetty\jetty-http\9.4.19.v20190610\jetty-http-9.4.19.v20190610.jar;D:\document\maven\localstore\org\eclipse\jetty\jetty-util\9.4.19.v20190610\jetty-util-9.4.19.v20190610.jar;D:\document\maven\localstore\org\eclipse\jetty\jetty-io\9.4.19.v20190610\jetty-io-9.4.19.v20190610.jar;D:\document\maven\localstore\org\eclipse\jetty\jetty-servlet\9.4.19.v20190610\jetty-servlet-9.4.19.v20190610.jar;D:\document\maven\localstore\org\eclipse\jetty\jetty-security\9.4.19.v20190610\jetty-security-9.4.19.v20190610.jar;"/>
    <property name="sun.cpu.endian" value="little"/>
    <property name="user.home" value="C:\Users\86182"/>
    <property name="user.language" value="zh"/>
    <property name="java.specification.vendor" value="Oracle Corporation"/>
    <property name="java.home" value="D:\Program Files\Java\jdk1.8.0_111\jre"/>
    <property name="basedir" value="D:\document\learn\dubbo\20190720\pay-service\pay-provider"/>
    <property name="file.separator" value="\"/>
    <property name="line.separator" value="&#10;"/>
    <property name="java.vm.specification.vendor" value="Oracle Corporation"/>
    <property name="java.specification.name" value="Java Platform API Specification"/>
    <property name="java.awt.graphicsenv" value="sun.awt.Win32GraphicsEnvironment"/>
    <property name="surefire.real.class.path" value="C:\Users\86182\AppData\Local\Temp\surefire3071686438922050145\surefirebooter7842903572507628352.jar"/>
    <property name="sun.boot.class.path" value="D:\Program Files\Java\jdk1.8.0_111\jre\lib\resources.jar;D:\Program Files\Java\jdk1.8.0_111\jre\lib\rt.jar;D:\Program Files\Java\jdk1.8.0_111\jre\lib\sunrsasign.jar;D:\Program Files\Java\jdk1.8.0_111\jre\lib\jsse.jar;D:\Program Files\Java\jdk1.8.0_111\jre\lib\jce.jar;D:\Program Files\Java\jdk1.8.0_111\jre\lib\charsets.jar;D:\Program Files\Java\jdk1.8.0_111\jre\lib\jfr.jar;D:\Program Files\Java\jdk1.8.0_111\jre\classes"/>
    <property name="user.script" value=""/>
    <property name="sun.management.compiler" value="HotSpot 64-Bit Tiered Compilers"/>
    <property name="java.runtime.version" value="1.8.0_111-b14"/>
    <property name="user.name" value="86182"/>
    <property name="path.separator" value=";"/>
    <property name="os.version" value="10.0"/>
    <property name="java.endorsed.dirs" value="D:\Program Files\Java\jdk1.8.0_111\jre\lib\endorsed"/>
    <property name="java.runtime.name" value="Java(TM) SE Runtime Environment"/>
    <property name="file.encoding" value="GBK"/>
    <property name="java.vm.name" value="Java HotSpot(TM) 64-Bit Server VM"/>
    <property name="localRepository" value="D:\document\maven\localstore"/>
    <property name="java.vendor.url.bug" value="http://bugreport.sun.com/bugreport/"/>
    <property name="java.io.tmpdir" value="C:\Users\86182\AppData\Local\Temp\"/>
    <property name="idea.version" value="2020.2.1"/>
    <property name="java.version" value="1.8.0_111"/>
    <property name="user.dir" value="D:\document\learn\dubbo\20190720\pay-service\pay-provider"/>
    <property name="os.arch" value="amd64"/>
    <property name="java.vm.specification.name" value="Java Virtual Machine Specification"/>
    <property name="java.awt.printerjob" value="sun.awt.windows.WPrinterJob"/>
    <property name="sun.os.patch.level" value=""/>
    <property name="java.library.path" value="D:\Program Files\Java\jdk1.8.0_111\jre\bin;C:\Windows\Sun\Java\bin;C:\Windows\system32;C:\Windows;D:\Program Files (x86)\VMware\VMware Workstation\bin\;C:\Program Files (x86)\Common Files\NetSarang;C:\Windows\system32;C:\Windows;C:\Windows\System32\Wbem;C:\Windows\System32\WindowsPowerShell\v1.0\;C:\Windows\System32\OpenSSH\;D:\Program Files\TortoiseSVN\bin;D:\soft\new\erlang\erl-24.0\bin;D:\soft\new\rabbitmq\rabbitmq_server-3.8.16\sbin;D:\soft\new\rabbitmq\rabbitmq_server-3.8.16\ebin;D:\soft\new\apache-maven-3.5.2\bin;D:\Program Files\Java\jdk1.8.0_111\bin;D:\Program Files\Java\jdk1.8.0_111\jre\bin;D:\Program Files\Git\cmd;D:\soft\new\gradle-4.3.1\bin;C:\Users\86182\AppData\Local\Microsoft\WindowsApps;D:\Program Files\Bandizip\;."/>
    <property name="java.vm.info" value="mixed mode"/>
    <property name="java.vendor" value="Oracle Corporation"/>
    <property name="java.vm.version" value="25.111-b14"/>
    <property name="java.ext.dirs" value="D:\Program Files\Java\jdk1.8.0_111\jre\lib\ext;C:\Windows\Sun\Java\lib\ext"/>
    <property name="sun.io.unicode.encoding" value="UnicodeLittle"/>
    <property name="java.class.version" value="52.0"/>
  </properties>
  <testcase name="shouldAnswerWithTrue" classname="com.gupaoedu.dubbo.AppTest" time="0.001"/>
</testsuite>